<?xml version="1.0" encoding="UTF-8"?>
<!-- Generated by org.testng.reporters.JUnitXMLReporter -->
<testsuite ignored="7" hostname="DESKTOP-HN4067J" failures="0" tests="1" name="Default test" time="26.799" errors="0" timestamp="2022-01-25T19:18:27 IST">
  <testcase classname="com.crm.comcast.contact.ContactTest" name="createContactTest" time="15.71"/>
  <testcase classname="com.crm.comcast.contact.ContactTest" name="createContactWithoutMandFieldTest" time="0.0">
    <ignored/>
  </testcase> <!-- createContactWithoutMandFieldTest -->
  <testcase classname="com.crm.comcast.contact.ContactTest" name="createContactUserAsAdminTest" time="0.0">
    <ignored/>
  </testcase> <!-- createContactUserAsAdminTest -->
  <testcase classname="com.crm.comcast.contact.ContactTest" name="createContactWithOrgTest" time="0.0">
    <ignored/>
  </testcase> <!-- createContactWithOrgTest -->
  <testcase classname="com.crm.comcast.contact.ContactTest" name="createContactGrpAsMarketingGrpTest" time="0.0">
    <ignored/>
  </testcase> <!-- createContactGrpAsMarketingGrpTest -->
  <testcase classname="com.crm.comcast.contact.ContactTest" name="CreateContactReportToTest" time="0.0">
    <ignored/>
  </testcase> <!-- CreateContactReportToTest -->
  <testcase classname="com.crm.comcast.contact.ContactTest" name="createContactWithLeadSourceTest" time="0.0">
    <ignored/>
  </testcase> <!-- createContactWithLeadSourceTest -->
  <testcase classname="com.crm.comcast.contact.ContactTest" name="createContactGrpAsSupportGrpTest" time="0.0">
    <ignored/>
  </testcase> <!-- createContactGrpAsSupportGrpTest -->
</testsuite> <!-- Default test -->
